\BOOKMARK [1][-]{section.1}{\376\377\000G\000e\000n\000e\000:\000\040\000A\000C\000I\000B\0002\000E\000U\000K\000G\0007\0006\0007\0007\0008\0000}{}% 1
\BOOKMARK [1][-]{section.2}{\376\377\000G\000e\000n\000e\000:\000\040\000A\000D\000E\0001\0002}{}% 2
\BOOKMARK [1][-]{section.3}{\376\377\000G\000e\000n\000e\000:\000\040\000A\000G\000E\0002}{}% 3
\BOOKMARK [1][-]{section.4}{\376\377\000G\000e\000n\000e\000:\000\040\000A\000L\000S\0003}{}% 4
\BOOKMARK [1][-]{section.5}{\376\377\000G\000e\000n\000e\000:\000\040\000A\000R\000N\0001}{}% 5
\BOOKMARK [1][-]{section.6}{\376\377\000G\000e\000n\000e\000:\000\040\000A\000T\000G\0001\0001}{}% 6
\BOOKMARK [1][-]{section.7}{\376\377\000G\000e\000n\000e\000:\000\040\000A\000Y\000R\0001\000\137\0002}{}% 7
\BOOKMARK [1][-]{section.8}{\376\377\000G\000e\000n\000e\000:\000\040\000B\000G\000L\0001}{}% 8
\BOOKMARK [1][-]{section.9}{\376\377\000G\000e\000n\000e\000:\000\040\000B\000G\000L\0001\000\137\0002}{}% 9
\BOOKMARK [1][-]{section.10}{\376\377\000G\000e\000n\000e\000:\000\040\000C\000C\000D\000C\0003\0009\000\137\0001}{}% 10
\BOOKMARK [1][-]{section.11}{\376\377\000G\000e\000n\000e\000:\000\040\000C\000D\000C\0001\0006}{}% 11
\BOOKMARK [1][-]{section.12}{\376\377\000G\000e\000n\000e\000:\000\040\000C\000D\000C\0009}{}% 12
\BOOKMARK [1][-]{section.13}{\376\377\000G\000e\000n\000e\000:\000\040\000C\000O\000S\0003}{}% 13
\BOOKMARK [1][-]{section.14}{\376\377\000G\000e\000n\000e\000:\000\040\000C\000O\000S\0007}{}% 14
\BOOKMARK [1][-]{section.15}{\376\377\000G\000e\000n\000e\000:\000\040\000D\000L\000H\0002}{}% 15
\BOOKMARK [1][-]{section.16}{\376\377\000G\000e\000n\000e\000:\000\040\000D\000U\000S\000P\0003}{}% 16
\BOOKMARK [1][-]{section.17}{\376\377\000G\000e\000n\000e\000:\000\040\000E\000R\000G\0002\0000}{}% 17
\BOOKMARK [1][-]{section.18}{\376\377\000G\000e\000n\000e\000:\000\040\000F\000B\000A\0001}{}% 18
\BOOKMARK [1][-]{section.19}{\376\377\000G\000e\000n\000e\000:\000\040\000F\000R\000S\0001}{}% 19
\BOOKMARK [1][-]{section.20}{\376\377\000G\000e\000n\000e\000:\000\040\000G\0006\000P\000C\0003}{}% 20
\BOOKMARK [1][-]{section.21}{\376\377\000G\000e\000n\000e\000:\000\040\000G\000C\000V\0002}{}% 21
\BOOKMARK [1][-]{section.22}{\376\377\000G\000e\000n\000e\000:\000\040\000G\000U\000T\0001\000\137\0004}{}% 22
\BOOKMARK [1][-]{section.23}{\376\377\000G\000e\000n\000e\000:\000\040\000H\000H\000F\0001\000\137\0004}{}% 23
\BOOKMARK [1][-]{section.24}{\376\377\000G\000e\000n\000e\000:\000\040\000H\000X\000T\0006}{}% 24
\BOOKMARK [1][-]{section.25}{\376\377\000G\000e\000n\000e\000:\000\040\000I\000P\000I\0003}{}% 25
\BOOKMARK [1][-]{section.26}{\376\377\000G\000e\000n\000e\000:\000\040\000I\000R\000S\0004}{}% 26
\BOOKMARK [1][-]{section.27}{\376\377\000G\000e\000n\000e\000:\000\040\000J\000I\000D\0001\000\137\0001}{}% 27
\BOOKMARK [1][-]{section.28}{\376\377\000G\000e\000n\000e\000:\000\040\000L\000C\000B\0004}{}% 28
\BOOKMARK [1][-]{section.29}{\376\377\000G\000e\000n\000e\000:\000\040\000L\000C\000L\0003\000\137\0001}{}% 29
\BOOKMARK [1][-]{section.30}{\376\377\000G\000e\000n\000e\000:\000\040\000L\000E\000T\0001}{}% 30
\BOOKMARK [1][-]{section.31}{\376\377\000G\000e\000n\000e\000:\000\040\000M\000U\000P\0001\000\137\0001}{}% 31
\BOOKMARK [1][-]{section.32}{\376\377\000G\000e\000n\000e\000:\000\040\000N\000H\000P\0001\0000\000\137\0001}{}% 32
\BOOKMARK [1][-]{section.33}{\376\377\000G\000e\000n\000e\000:\000\040\000O\000L\000A\0001}{}% 33
\BOOKMARK [1][-]{section.34}{\376\377\000G\000e\000n\000e\000:\000\040\000O\000X\000R\0001\000\137\0002}{}% 34
\BOOKMARK [1][-]{section.35}{\376\377\000G\000e\000n\000e\000:\000\040\000O\000Y\000E\0001}{}% 35
\BOOKMARK [1][-]{section.36}{\376\377\000G\000e\000n\000e\000:\000\040\000P\000B\000Y\0001}{}% 36
\BOOKMARK [1][-]{section.37}{\376\377\000G\000e\000n\000e\000:\000\040\000P\000F\000A\0003}{}% 37
\BOOKMARK [1][-]{section.38}{\376\377\000G\000e\000n\000e\000:\000\040\000P\000G\000M\0002}{}% 38
\BOOKMARK [1][-]{section.39}{\376\377\000G\000e\000n\000e\000:\000\040\000P\000G\000M\0002\000L\0001}{}% 39
\BOOKMARK [1][-]{section.40}{\376\377\000G\000e\000n\000e\000:\000\040\000P\000G\000X\0001}{}% 40
\BOOKMARK [1][-]{section.41}{\376\377\000G\000e\000n\000e\000:\000\040\000P\000R\000E\0007}{}% 41
\BOOKMARK [1][-]{section.42}{\376\377\000G\000e\000n\000e\000:\000\040\000P\000U\000T\0001}{}% 42
\BOOKMARK [1][-]{section.43}{\376\377\000G\000e\000n\000e\000:\000\040\000P\000g\000m\0002}{}% 43
\BOOKMARK [1][-]{section.44}{\376\377\000G\000e\000n\000e\000:\000\040\000P\000g\000m\0002\000l\0001}{}% 44
\BOOKMARK [1][-]{section.45}{\376\377\000G\000e\000n\000e\000:\000\040\000Q\000A\0003}{}% 45
\BOOKMARK [1][-]{section.46}{\376\377\000G\000e\000n\000e\000:\000\040\000R\000D\000S\0001}{}% 46
\BOOKMARK [1][-]{section.47}{\376\377\000G\000e\000n\000e\000:\000\040\000R\000I\000M\0001\0005}{}% 47
\BOOKMARK [1][-]{section.48}{\376\377\000G\000e\000n\000e\000:\000\040\000R\000P\000L\0003\0004\000B}{}% 48
\BOOKMARK [1][-]{section.49}{\376\377\000G\000e\000n\000e\000:\000\040\000S\000K\000Y\0001}{}% 49
\BOOKMARK [1][-]{section.50}{\376\377\000G\000e\000n\000e\000:\000\040\000S\000S\000F\0001}{}% 50
\BOOKMARK [1][-]{section.51}{\376\377\000G\000e\000n\000e\000:\000\040\000S\000U\000A\0007}{}% 51
\BOOKMARK [1][-]{section.52}{\376\377\000G\000e\000n\000e\000:\000\040\000T\000I\000M\0002\0001}{}% 52
\BOOKMARK [1][-]{section.53}{\376\377\000G\000e\000n\000e\000:\000\040\000U\000B\000C\0006}{}% 53
\BOOKMARK [1][-]{section.54}{\376\377\000G\000e\000n\000e\000:\000\040\000c\000t\000a\0003}{}% 54
\BOOKMARK [1][-]{section.55}{\376\377\000G\000e\000n\000e\000:\000\040\000d\000n\000a\000A}{}% 55
\BOOKMARK [1][-]{section.56}{\376\377\000G\000e\000n\000e\000:\000\040\000d\000p\000p\0004}{}% 56
\BOOKMARK [1][-]{section.57}{\376\377\000G\000e\000n\000e\000:\000\040\000k\000e\000s\0001}{}% 57
\BOOKMARK [1][-]{section.58}{\376\377\000G\000e\000n\000e\000:\000\040\000n\000e\000w\0002\0002}{}% 58
\BOOKMARK [1][-]{section.59}{\376\377\000G\000e\000n\000e\000:\000\040\000p\000g\000m\0002}{}% 59
\BOOKMARK [1][-]{section.60}{\376\377\000G\000e\000n\000e\000:\000\040\000p\000g\000m\0002\000l\0001}{}% 60
\BOOKMARK [1][-]{section.61}{\376\377\000G\000e\000n\000e\000:\000\040\000t\000b\000p\0001}{}% 61
\BOOKMARK [1][-]{section.62}{\376\377\000G\000e\000n\000e\000:\000\040\000v\000i\000p\0001}{}% 62
